#
# There is insufficient memory for the Java Runtime Environment to continue.
# Native memory allocation (malloc) failed to allocate 1048576 bytes for AllocateHeap
# Possible reasons:
#   The system is out of physical RAM or swap space
#   The process is running with CompressedOops enabled, and the Java Heap may be blocking the growth of the native heap
# Possible solutions:
#   Reduce memory load on the system
#   Increase physical memory or swap space
#   Check if swap backing store is full
#   Decrease Java heap size (-Xmx/-Xms)
#   Decrease number of Java threads
#   Decrease Java thread stack sizes (-Xss)
#   Set larger code cache with -XX:ReservedCodeCacheSize=
#   JVM is running with Unscaled Compressed Oops mode in which the Java heap is
#     placed in the first 4GB address space. The Java Heap base address is the
#     maximum limit for the native heap growth. Please use -XX:HeapBaseMinAddress
#     to set the Java Heap base and to place the Java Heap above 4GB virtual address.
# This output file may be truncated or incomplete.
#
#  Out of Memory Error (allocation.cpp:44), pid=19960, tid=21524
#
# JRE version:  (17.0.10+1) (build )
# Java VM: OpenJDK 64-Bit Server VM (17.0.10+1-b1087.23, mixed mode, sharing, tiered, compressed oops, compressed class ptrs, g1 gc, windows-amd64)
# No core dump will be written. Minidumps are not enabled by default on client versions of Windows
#

---------------  S U M M A R Y ------------

Command Line: git4idea.http.GitAskPassApp Username for 'https://github.com': 

Host: Intel(R) Core(TM) i7-7700 CPU @ 3.60GHz, 8 cores, 15G,  Windows 10 , 64 bit Build 19041 (10.0.19041.4957)
Time: Tue Sep  9 11:26:32 2025 GTB Daylight Time elapsed time: 0.017179 seconds (0d 0h 0m 0s)

---------------  T H R E A D  ---------------

Current thread (0x0000012ccc615010):  JavaThread "Unknown thread" [_thread_in_vm, id=21524, stack(0x0000000aeac00000,0x0000000aead00000)]

Stack: [0x0000000aeac00000,0x0000000aead00000]
Native frames: (J=compiled Java code, j=interpreted, Vv=VM code, C=native code)
V  [jvm.dll+0x688a29]
V  [jvm.dll+0x84216a]
V  [jvm.dll+0x843dae]
V  [jvm.dll+0x844413]
V  [jvm.dll+0x24ba8f]
V  [jvm.dll+0xa6ca3]
V  [jvm.dll+0x2de174]
V  [jvm.dll+0x812c9c]
V  [jvm.dll+0x3718e1]
V  [jvm.dll+0x7f1836]
V  [jvm.dll+0x3f553f]
V  [jvm.dll+0x3f7171]
C  [jli.dll+0x528f]
C  [ucrtbase.dll+0x21bb2]
C  [KERNEL32.DLL+0x17374]
C  [ntdll.dll+0x4cc91]


---------------  P R O C E S S  ---------------

Threads class SMR info:
_java_thread_list=0x00007ffb0638ef58, length=0, elements={
}

Java Threads: ( => current thread )

Other Threads:

=>0x0000012ccc615010 (exited) JavaThread "Unknown thread" [_thread_in_vm, id=21524, stack(0x0000000aeac00000,0x0000000aead00000)]

Threads with active compile tasks:

VM state: not at safepoint (not fully initialized)

VM Mutex/Monitor currently owned by a thread: None

Heap address: 0x0000000000000000, size: 0 MB, Compressed Oops mode: 32-bit

CDS archive(s) mapped at: [0x0000000000000000-0x0000000000000000-0x0000000000000000), size 0, SharedBaseAddress: 0x0000000800000000, ArchiveRelocationMode: 1.
Narrow klass base: 0x0000000000000000, Narrow klass shift: 0, Narrow klass range: 0x0

GC Precious Log:
<Empty>

GC Heap History (0 events):
No events

Dll operation events (1 events):
Event: 0.011 Loaded shared library C:\Program Files\JetBrains\WebStorm 2023.3.6\jbr\bin\java.dll

Deoptimization events (0 events):
No events

Classes unloaded (0 events):
No events

Classes redefined (0 events):
No events

Internal exceptions (0 events):
No events

VM Operations (0 events):
No events

Events (0 events):
No events


Dynamic libraries:
0x00007ff7fd670000 - 0x00007ff7fd67a000 	C:\Program Files\JetBrains\WebStorm 2023.3.6\jbr\bin\java.exe
0x00007ffb9ed30000 - 0x00007ffb9ef28000 	C:\WINDOWS\SYSTEM32\ntdll.dll
0x00007ffb9e0a0000 - 0x00007ffb9e162000 	C:\WINDOWS\System32\KERNEL32.DLL
0x00007ffb9ca50000 - 0x00007ffb9cd4e000 	C:\WINDOWS\System32\KERNELBASE.dll
0x00007ffb9c8c0000 - 0x00007ffb9c9c0000 	C:\WINDOWS\System32\ucrtbase.dll
0x00007ffb79480000 - 0x00007ffb79497000 	C:\Program Files\JetBrains\WebStorm 2023.3.6\jbr\bin\jli.dll
0x00007ffb78760000 - 0x00007ffb7877b000 	C:\Program Files\JetBrains\WebStorm 2023.3.6\jbr\bin\VCRUNTIME140.dll
0x00007ffb9df00000 - 0x00007ffb9e09d000 	C:\WINDOWS\System32\USER32.dll
0x00007ffb9c720000 - 0x00007ffb9c742000 	C:\WINDOWS\System32\win32u.dll
0x00007ffb90eb0000 - 0x00007ffb9114a000 	C:\WINDOWS\WinSxS\amd64_microsoft.windows.common-controls_6595b64144ccf1df_6.0.19041.4355_none_60b8b9eb71f62e16\COMCTL32.dll
0x00007ffb9cfa0000 - 0x00007ffb9d03e000 	C:\WINDOWS\System32\msvcrt.dll
0x00007ffb9ddb0000 - 0x00007ffb9dddb000 	C:\WINDOWS\System32\GDI32.dll
0x00007ffb9c7a0000 - 0x00007ffb9c8b7000 	C:\WINDOWS\System32\gdi32full.dll
0x00007ffb9c400000 - 0x00007ffb9c49d000 	C:\WINDOWS\System32\msvcp_win.dll
0x00007ffb9ea80000 - 0x00007ffb9eaaf000 	C:\WINDOWS\System32\IMM32.DLL
0x00007ffb974a0000 - 0x00007ffb974ac000 	C:\Program Files\JetBrains\WebStorm 2023.3.6\jbr\bin\vcruntime140_1.dll
0x00007ffb66d40000 - 0x00007ffb66dcd000 	C:\Program Files\JetBrains\WebStorm 2023.3.6\jbr\bin\msvcp140.dll
0x00007ffb05850000 - 0x00007ffb064d3000 	C:\Program Files\JetBrains\WebStorm 2023.3.6\jbr\bin\server\jvm.dll
0x00007ffb9dde0000 - 0x00007ffb9de92000 	C:\WINDOWS\System32\ADVAPI32.dll
0x00007ffb9d4b0000 - 0x00007ffb9d550000 	C:\WINDOWS\System32\sechost.dll
0x00007ffb9e170000 - 0x00007ffb9e293000 	C:\WINDOWS\System32\RPCRT4.dll
0x00007ffb9c3d0000 - 0x00007ffb9c3f7000 	C:\WINDOWS\System32\bcrypt.dll
0x00007ffb9bde0000 - 0x00007ffb9be2b000 	C:\WINDOWS\SYSTEM32\POWRPROF.dll
0x00007ffb94380000 - 0x00007ffb9438a000 	C:\WINDOWS\SYSTEM32\VERSION.dll
0x00007ffb90280000 - 0x00007ffb902a7000 	C:\WINDOWS\SYSTEM32\WINMM.dll
0x00007ffb8e260000 - 0x00007ffb8e269000 	C:\WINDOWS\SYSTEM32\WSOCK32.dll
0x00007ffb9e2a0000 - 0x00007ffb9e30b000 	C:\WINDOWS\System32\WS2_32.dll
0x00007ffb9bdc0000 - 0x00007ffb9bdd2000 	C:\WINDOWS\SYSTEM32\UMPDC.dll
0x00007ffb9acf0000 - 0x00007ffb9ad02000 	C:\WINDOWS\SYSTEM32\kernel.appcore.dll
0x00007ffb974c0000 - 0x00007ffb974ca000 	C:\Program Files\JetBrains\WebStorm 2023.3.6\jbr\bin\jimage.dll
0x00007ffb99c20000 - 0x00007ffb99e04000 	C:\WINDOWS\SYSTEM32\DBGHELP.DLL
0x00007ffb75f50000 - 0x00007ffb75f84000 	C:\WINDOWS\SYSTEM32\dbgcore.DLL
0x00007ffb9c9c0000 - 0x00007ffb9ca42000 	C:\WINDOWS\System32\bcryptPrimitives.dll
0x00007ffb794f0000 - 0x00007ffb79515000 	C:\Program Files\JetBrains\WebStorm 2023.3.6\jbr\bin\java.dll

dbghelp: loaded successfully - version: 4.0.5 - missing functions: none
symbol engine: initialized successfully - sym options: 0x614 - pdb path: .;C:\Program Files\JetBrains\WebStorm 2023.3.6\jbr\bin;C:\WINDOWS\SYSTEM32;C:\WINDOWS\WinSxS\amd64_microsoft.windows.common-controls_6595b64144ccf1df_6.0.19041.4355_none_60b8b9eb71f62e16;C:\Program Files\JetBrains\WebStorm 2023.3.6\jbr\bin\server

VM Arguments:
java_command: git4idea.http.GitAskPassApp Username for 'https://github.com': 
java_class_path (initial): C:/Program Files/JetBrains/WebStorm 2023.3.6/plugins/vcs-git/lib/git4idea-rt.jar;C:/Program Files/JetBrains/WebStorm 2023.3.6/lib/externalProcess-rt.jar
Launcher Type: SUN_STANDARD

[Global flags]
     intx CICompilerCount                          = 4                                         {product} {ergonomic}
     uint ConcGCThreads                            = 2                                         {product} {ergonomic}
     uint G1ConcRefinementThreads                  = 8                                         {product} {ergonomic}
   size_t G1HeapRegionSize                         = 2097152                                   {product} {ergonomic}
    uintx GCDrainStackTargetSize                   = 64                                        {product} {ergonomic}
   size_t InitialHeapSize                          = 268435456                                 {product} {ergonomic}
   size_t MarkStackSize                            = 4194304                                   {product} {ergonomic}
   size_t MaxHeapSize                              = 4263510016                                {product} {ergonomic}
   size_t MinHeapDeltaBytes                        = 2097152                                   {product} {ergonomic}
   size_t MinHeapSize                              = 8388608                                   {product} {ergonomic}
    uintx NonNMethodCodeHeapSize                   = 5839372                                {pd product} {ergonomic}
    uintx NonProfiledCodeHeapSize                  = 122909434                              {pd product} {ergonomic}
    uintx ProfiledCodeHeapSize                     = 122909434                              {pd product} {ergonomic}
    uintx ReservedCodeCacheSize                    = 251658240                              {pd product} {ergonomic}
     bool SegmentedCodeCache                       = true                                      {product} {ergonomic}
   size_t SoftMaxHeapSize                          = 4263510016                             {manageable} {ergonomic}
     bool UseCompressedClassPointers               = true                           {product lp64_product} {ergonomic}
     bool UseCompressedOops                        = true                           {product lp64_product} {ergonomic}
     bool UseG1GC                                  = true                                      {product} {ergonomic}
     bool UseLargePagesIndividualAllocation        = false                                  {pd product} {ergonomic}

Logging:
Log output configuration:
 #0: stdout all=warning uptime,level,tags
 #1: stderr all=off uptime,level,tags

Environment Variables:
PATH=C:\Program Files\Git\mingw64\libexec\git-core;C:\Program Files\Git\mingw64\libexec\git-core;C:\Program Files\Git\mingw64\bin;C:\Program Files\Git\usr\bin;C:\Users\matei_marius\bin;C:\Program Files (x86)\Common Files\Oracle\Java\java8path;C:\Program Files (x86)\Common Files\Oracle\Java\javapath;C:\Program Files\Python312\Scripts;C:\Program Files\Python312;C:\WINDOWS\system32;C:\WINDOWS;C:\WINDOWS\System32\Wbem;C:\WINDOWS\System32\WindowsPowerShell\v1.0;C:\WINDOWS\System32\OpenSSH;C:\Program Files\Microsoft SQL Server\150\Tools\Binn;C:\Program Files\Microsoft SQL Server\Client SDK\ODBC\170\Tools\Binn;C:\Program Files\dotnet;C:\Program Files (x86)\Microsoft SQL Server\100\Tools\Binn;C:\Program Files\Microsoft SQL Server\100\Tools\Binn;C:\Program Files\Microsoft SQL Server\100\DTS\Binn;C:\Program Files (x86)\Microsoft SQL Server\160\DTS\Binn;C:\ProgramData\ComposerSetup\bin;C:\Program Files\Git\cmd;C:\Program Files\PostgreSQL\16\bin;C:\Program Files\gettext-iconv\bin;C:\Program Files\SafeNet\Authentication\SAC\x64;C:\Program Files\SafeNet\Authentication\SAC\x32;C:\php\8.4.3;C:\Tools\Sysinternals;C:\Program Files (x86)\Windows Kits\10\Windows Performance Toolkit;F:\Development\flutter\flutter\bin;C:\Users\matei_marius\AppData\Local\nvm;C:\nvm4w\nodejs;C:\PSTools;C:\Program Files\nodejs;C:\Program Files\Docker\Docker\resources\bin;C:\Users\matei_marius\AppData\Local\Microsoft\WindowsApps;C:\Users\matei_marius\AppData\Local\Programs\Microsoft VS Code\bin;C:\Program Files\JetBrains\PyCharm 2023.3.5\bin;C:\Program Files\JetBrains\PhpStorm 2023.3.6\bin;C:\Program Files\JetBrains\DataGrip 2023.3.4\bin;C:\ffmpeg\bin;C:\Program Files\JetBrains\DataSpell 2023.3.5\bin;C:\Users\matei_marius\AppData\Roaming\Composer\vendor\bin;C:\Program Files\JetBrains\WebStorm 2023.3.6\bin;C:\ffmpeg\bin;C:\Users\matei_marius\AppData\Local\Programs\Python\Python312\Scripts;C:\Users\matei_marius\AppData\Local\GitHubDesktop\bin;C:\Users\matei_marius\.dotnet\tools;C:\Users\matei_marius\AppData\Local
USERNAME=matei_marius
DISPLAY=:0.0
LC_ALL=en_US.UTF-8
TERM=xterm-256color
TMPDIR=C:\Users\MATEI_~1\AppData\Local\Temp
OS=Windows_NT
PROCESSOR_IDENTIFIER=Intel64 Family 6 Model 158 Stepping 9, GenuineIntel
TMP=C:\Users\MATEI_~1\AppData\Local\Temp
TEMP=C:\Users\MATEI_~1\AppData\Local\Temp



Periodic native trim disabled

JNI global refs:
JNI global refs: 0, weak refs: 0

JNI global refs memory usage: 0, weak refs: 0

OOME stack traces (most recent first):
Classloader memory used:


---------------  S Y S T E M  ---------------

OS:
 Windows 10 , 64 bit Build 19041 (10.0.19041.4957)
OS uptime: 0 days 22:39 hours
Hyper-V role detected

CPU: total 8 (initial active 8) (4 cores per cpu, 2 threads per core) family 6 model 158 stepping 9 microcode 0xb4, cx8, cmov, fxsr, ht, mmx, 3dnowpref, sse, sse2, sse3, ssse3, sse4.1, sse4.2, popcnt, lzcnt, tsc, tscinvbit, avx, avx2, aes, erms, clmul, bmi1, bmi2, rtm, adx, fma, vzeroupper, clflush, clflushopt, hv
Processor Information for all 8 processors :
  Max Mhz: 3601, Current Mhz: 3601, Mhz Limit: 3601

Memory: 4k page, system-wide physical 16263M (2992M free)
TotalPageFile size 22601M (AvailPageFile size 6M)
current process WorkingSet (physical memory assigned to process): 9M, peak: 9M
current process commit charge ("private bytes"): 15M, peak: 16M

vm_info: OpenJDK 64-Bit Server VM (17.0.10+1-b1087.23) for windows-amd64 JRE (17.0.10+1-b1087.23), built on 2024-03-18 by "builduser" with MS VC++ 16.10 / 16.11 (VS2019)

END.
